<?xml version="1.0" encoding="UTF-8"?>
<!-- Generated by org.testng.reporters.JUnitXMLReporter -->
<testsuite hostname="LAPTOP-0OIRHLOO" ignored="0" name="FireFox Test" tests="1" failures="1" timestamp="22 Nov 2020 19:36:46 GMT" time="14.807" errors="0">
  <testcase name="mytest" time="4.548" classname="com.myauto.test.TestScript">
    <failure type="java.lang.AssertionError" message="expected [https://github.com/bonigarcia/webdrivermanager1] but found [https://github.com/bonigarcia/webdrivermanager]">
      <![CDATA[java.lang.AssertionError: expected [https://github.com/bonigarcia/webdrivermanager1] but found [https://github.com/bonigarcia/webdrivermanager]
at com.myauto.test.TestScript.mytest(TestScript.java:16)
at java.util.concurrent.FutureTask.run(FutureTask.java:266)
at java.util.concurrent.ThreadPoolExecutor.runWorker(ThreadPoolExecutor.java:1149)
at java.util.concurrent.ThreadPoolExecutor$Worker.run(ThreadPoolExecutor.java:624)
at java.lang.Thread.run(Thread.java:748)
... Removed 22 stack frames]]>
    </failure>
  </testcase> <!-- mytest -->
</testsuite> <!-- FireFox Test -->
