<?xml version="1.0" encoding="UTF-8"?>
<!-- Generated by org.testng.reporters.JUnitXMLReporter -->
<testsuite hostname="LAPTOP-0OIRHLOO" ignored="0" name="Test" tests="1" failures="1" timestamp="19 Nov 2020 19:14:07 GMT" time="7.403" errors="0">
  <testcase name="mytest1" time="6.841" classname="com.myauto.test.TestScript">
    <failure type="java.lang.AssertionError" message="expected [https://github.com/bonigarcia/webdriverm] but found [https://github.com/bonigarcia/webdrivermanager]">
      <![CDATA[java.lang.AssertionError: expected [https://github.com/bonigarcia/webdriverm] but found [https://github.com/bonigarcia/webdrivermanager]
at com.myauto.test.TestScript.mytest1(TestScript.java:21)
... Removed 31 stack frames]]>
    </failure>
  </testcase> <!-- mytest1 -->
</testsuite> <!-- Test -->
